{"/Users/ayishaalli/Library/Mobile Documents/com~apple~CloudDocs/TECH/Shopping_Project/server-api/sequelize/sequelize_index.js": {"path":"/Users/ayishaalli/Library/Mobile Documents/com~apple~CloudDocs/TECH/Shopping_Project/server-api/sequelize/sequelize_index.js","statementMap":{"0":{"start":{"line":1,"column":38},"end":{"line":1,"column":58}},"1":{"start":{"line":3,"column":18},"end":{"line":6,"column":2}},"2":{"start":{"line":8,"column":1},"end":{"line":8,"column":48}}},"fnMap":{},"branchMap":{},"s":{"0":3,"1":3,"2":3},"f":{},"b":{},"_coverageSchema":"1a1c01bbd47fc00a2c39e90264f33305004495a9","hash":"b79596cf133286c7974d2fa64412f7bc8e2ae515"}
,"/Users/ayishaalli/Library/Mobile Documents/com~apple~CloudDocs/TECH/Shopping_Project/server-api/sequelize/Classes/Basket.js": {"path":"/Users/ayishaalli/Library/Mobile Documents/com~apple~CloudDocs/TECH/Shopping_Project/server-api/sequelize/Classes/Basket.js","statementMap":{"0":{"start":{"line":1,"column":40},"end":{"line":1,"column":69}},"1":{"start":{"line":2,"column":17},"end":{"line":2,"column":34}},"2":{"start":{"line":9,"column":0},"end":{"line":17,"column":2}},"3":{"start":{"line":18,"column":0},"end":{"line":18,"column":62}},"4":{"start":{"line":19,"column":0},"end":{"line":19,"column":51}},"5":{"start":{"line":21,"column":0},"end":{"line":21,"column":28}}},"fnMap":{},"branchMap":{},"s":{"0":1,"1":1,"2":1,"3":1,"4":1,"5":1},"f":{},"b":{},"_coverageSchema":"1a1c01bbd47fc00a2c39e90264f33305004495a9","hash":"a40366c8b7f62ff7795ef8c5c4c095069f40c126"}
,"/Users/ayishaalli/Library/Mobile Documents/com~apple~CloudDocs/TECH/Shopping_Project/server-api/sequelize/Classes/Category.js": {"path":"/Users/ayishaalli/Library/Mobile Documents/com~apple~CloudDocs/TECH/Shopping_Project/server-api/sequelize/Classes/Category.js","statementMap":{"0":{"start":{"line":1,"column":40},"end":{"line":1,"column":69}},"1":{"start":{"line":2,"column":17},"end":{"line":2,"column":34}},"2":{"start":{"line":8,"column":0},"end":{"line":13,"column":3}},"3":{"start":{"line":15,"column":0},"end":{"line":15,"column":67}},"4":{"start":{"line":16,"column":0},"end":{"line":16,"column":56}},"5":{"start":{"line":19,"column":0},"end":{"line":19,"column":30}}},"fnMap":{},"branchMap":{},"s":{"0":1,"1":1,"2":1,"3":1,"4":1,"5":1},"f":{},"b":{},"_coverageSchema":"1a1c01bbd47fc00a2c39e90264f33305004495a9","hash":"825a2a65f47e47d57d1c4e8d27a7d24efa30cb65"}
,"/Users/ayishaalli/Library/Mobile Documents/com~apple~CloudDocs/TECH/Shopping_Project/server-api/sequelize/Classes/Item.js": {"path":"/Users/ayishaalli/Library/Mobile Documents/com~apple~CloudDocs/TECH/Shopping_Project/server-api/sequelize/Classes/Item.js","statementMap":{"0":{"start":{"line":1,"column":40},"end":{"line":1,"column":69}},"1":{"start":{"line":9,"column":0},"end":{"line":17,"column":3}},"2":{"start":{"line":19,"column":0},"end":{"line":19,"column":26}}},"fnMap":{},"branchMap":{},"s":{"0":3,"1":3,"2":3},"f":{},"b":{},"_coverageSchema":"1a1c01bbd47fc00a2c39e90264f33305004495a9","hash":"4a41ec65d219ea8b4ae588e08197e823849251e4"}
}
