<?xml version="1.0" encoding="UTF-8"?>
<coverage generated="1643713954830" clover="3.2.0">
  <project timestamp="1643713954830" name="All files">
    <metrics statements="18" coveredstatements="18" conditionals="0" coveredconditionals="0" methods="0" coveredmethods="0" elements="18" coveredelements="18" complexity="0" loc="18" ncloc="18" packages="2" files="4" classes="4"/>
    <package name="sequelize">
      <metrics statements="3" coveredstatements="3" conditionals="0" coveredconditionals="0" methods="0" coveredmethods="0"/>
      <file name="sequelize_index.js" path="/Users/ayishaalli/Library/Mobile Documents/com~apple~CloudDocs/TECH/Shopping_Project/server-api/sequelize/sequelize_index.js">
        <metrics statements="3" coveredstatements="3" conditionals="0" coveredconditionals="0" methods="0" coveredmethods="0"/>
        <line num="1" count="3" type="stmt"/>
        <line num="3" count="3" type="stmt"/>
        <line num="8" count="3" type="stmt"/>
      </file>
    </package>
    <package name="sequelize.Classes">
      <metrics statements="15" coveredstatements="15" conditionals="0" coveredconditionals="0" methods="0" coveredmethods="0"/>
      <file name="Basket.js" path="/Users/ayishaalli/Library/Mobile Documents/com~apple~CloudDocs/TECH/Shopping_Project/server-api/sequelize/Classes/Basket.js">
        <metrics statements="6" coveredstatements="6" conditionals="0" coveredconditionals="0" methods="0" coveredmethods="0"/>
        <line num="1" count="1" type="stmt"/>
        <line num="2" count="1" type="stmt"/>
        <line num="9" count="1" type="stmt"/>
        <line num="18" count="1" type="stmt"/>
        <line num="19" count="1" type="stmt"/>
        <line num="21" count="1" type="stmt"/>
      </file>
      <file name="Category.js" path="/Users/ayishaalli/Library/Mobile Documents/com~apple~CloudDocs/TECH/Shopping_Project/server-api/sequelize/Classes/Category.js">
        <metrics statements="6" coveredstatements="6" conditionals="0" coveredconditionals="0" methods="0" coveredmethods="0"/>
        <line num="1" count="1" type="stmt"/>
        <line num="2" count="1" type="stmt"/>
        <line num="8" count="1" type="stmt"/>
        <line num="15" count="1" type="stmt"/>
        <line num="16" count="1" type="stmt"/>
        <line num="19" count="1" type="stmt"/>
      </file>
      <file name="Item.js" path="/Users/ayishaalli/Library/Mobile Documents/com~apple~CloudDocs/TECH/Shopping_Project/server-api/sequelize/Classes/Item.js">
        <metrics statements="3" coveredstatements="3" conditionals="0" coveredconditionals="0" methods="0" coveredmethods="0"/>
        <line num="1" count="3" type="stmt"/>
        <line num="9" count="3" type="stmt"/>
        <line num="19" count="3" type="stmt"/>
      </file>
    </package>
  </project>
</coverage>
